<?xml version="1.0" encoding="UTF-8"?>
<!-- Generated by org.testng.reporters.JUnitXMLReporter -->
<testsuite hostname="bhagath" ignored="0" name="Default test" tests="3" failures="0" timestamp="03 Mar 2018 20:02:45 GMT" time="6.42" errors="0">
  <testcase name="launchBrowser" time="3.267" classname="Test.test12.NewTest"/>
  <testcase name="openApplication" time="2.078" classname="Test.test12.NewTest"/>
  <testcase name="closeDriver" time="1.035" classname="Test.test12.NewTest"/>
</testsuite> <!-- Default test -->
