<?xml version="1.0" encoding="UTF-8"?>
<testng-results skipped="0" failed="0" ignored="0" total="3" passed="3">
  <reporter-output>
  </reporter-output>
  <suite name="Default suite" duration-ms="6420" started-at="2018-03-03T20:02:39Z" finished-at="2018-03-03T20:02:45Z">
    <groups>
    </groups>
    <test name="Default test" duration-ms="6420" started-at="2018-03-03T20:02:39Z" finished-at="2018-03-03T20:02:45Z">
      <class name="Test.test12.NewTest">
        <test-method status="PASS" signature="launchBrowser()[pri:1, instance:Test.test12.NewTest@26653222]" name="launchBrowser" duration-ms="3267" started-at="2018-03-03T20:02:39Z" finished-at="2018-03-03T20:02:42Z">
          <reporter-output>
          </reporter-output>
        </test-method> <!-- launchBrowser -->
        <test-method status="PASS" signature="openApplication()[pri:2, instance:Test.test12.NewTest@26653222]" name="openApplication" duration-ms="2078" started-at="2018-03-03T20:02:42Z" finished-at="2018-03-03T20:02:44Z">
          <reporter-output>
          </reporter-output>
        </test-method> <!-- openApplication -->
        <test-method status="PASS" signature="closeDriver()[pri:3, instance:Test.test12.NewTest@26653222]" name="closeDriver" duration-ms="1035" started-at="2018-03-03T20:02:44Z" finished-at="2018-03-03T20:02:45Z">
          <reporter-output>
          </reporter-output>
        </test-method> <!-- closeDriver -->
        <test-method status="PASS" signature="Afterclass()[pri:0, instance:Test.test12.NewTest@26653222]" name="Afterclass" is-config="true" duration-ms="2" started-at="2018-03-03T20:02:45Z" finished-at="2018-03-03T20:02:45Z">
          <reporter-output>
          </reporter-output>
        </test-method> <!-- Afterclass -->
      </class> <!-- Test.test12.NewTest -->
    </test> <!-- Default test -->
  </suite> <!-- Default suite -->
</testng-results>
